Requisição bem-sucedida: {
  info: 'mensagem 84f431b4-5fdd-4888-a174-b09af6630865 enviada com sucesso'
}
Requisição bem-sucedida: {
  info: 'mensagem 58307fd3-eff8-4463-802f-4ce1073782d9 enviada com sucesso'
}
Requisição bem-sucedida: {
  info: 'mensagem eb144cc2-9895-4ac1-9ed8-357dc46ff63d enviada com sucesso'
}
Requisição bem-sucedida: {
  info: 'mensagem 22dc9b42-2fdc-417f-9893-041ab57871f5 enviada com sucesso'
}
Requisição bem-sucedida: {
  info: 'mensagem e1807bbe-2fcb-42dc-b04a-f98af995adc9 enviada com sucesso'
}
Requisição bem-sucedida: {
  info: 'mensagem 1347410a-3eb2-4ef7-a237-03adaad48407 enviada com sucesso'
}
Requisição bem-sucedida: {
  info: 'mensagem 76a45c91-93ea-467a-ac80-49085035125f enviada com sucesso'
}
Requisição bem-sucedida: {
  info: 'mensagem c1ea44af-42a4-4f81-9705-6882f7cd4c0a enviada com sucesso'
}
Requisição bem-sucedida: {
  info: 'mensagem 5f71df0a-3d28-4bd5-8152-ad870fbdef1c enviada com sucesso'
}
Requisição bem-sucedida: {
  info: 'mensagem 6cf7e9fb-1827-4303-ba75-577da23d0096 enviada com sucesso'
}
Requisição bem-sucedida: {
  info: 'mensagem 1aed28fc-4aa3-40c4-b026-69c95b7b84b8 enviada com sucesso'
}
Requisição bem-sucedida: {
  info: 'mensagem cf5630aa-1595-4191-9cf6-1fd9bc07559b enviada com sucesso'
}
Requisição bem-sucedida: {
  info: 'mensagem e6d08ca8-b785-490f-ae3b-030dc271ebb1 enviada com sucesso'
}
Requisição bem-sucedida: {
  info: 'mensagem 40a31ce7-4240-4767-b8ec-d034fbedcca3 enviada com sucesso'
}
Requisição bem-sucedida: {
  info: 'mensagem 9ed44a49-b415-4171-b4f3-d7b4ceb392d4 enviada com sucesso'
}
Requisição bem-sucedida: {
  info: 'mensagem d6e1fef5-445d-4af6-9081-9433ddfd636d enviada com sucesso'
}
Requisição bem-sucedida: {
  info: 'mensagem 01f08d9a-1180-44bc-9517-dbddb4f69684 enviada com sucesso'
}
Requisição bem-sucedida: {
  info: 'mensagem 2b6a44a8-513b-4c11-8a4a-5f84ac214945 enviada com sucesso'
}
Requisição bem-sucedida: {
  info: 'mensagem bb74b29e-4800-4d2f-9d68-427e8b4091a4 enviada com sucesso'
}
Requisição bem-sucedida: {
  info: 'mensagem a828ec67-e4e9-4b8d-92f6-cf25d1fef972 enviada com sucesso'
}
Requisição bem-sucedida: {
  info: 'mensagem f9f037db-7b54-42c5-94d6-c286038088e1 enviada com sucesso'
}
Requisição bem-sucedida: {
  info: 'mensagem 9ed1dd69-31a0-4cc8-bb61-fbf167dfdd6d enviada com sucesso'
}
Requisição bem-sucedida: {
  info: 'mensagem 8e97d82c-8e5f-4e57-a830-eee42fd303e5 enviada com sucesso'
}
Requisição bem-sucedida: {
  info: 'mensagem 38e2c132-f701-4b97-af3b-70786e581425 enviada com sucesso'
}
Requisição bem-sucedida: {
  info: 'mensagem 8a947455-f423-442f-9eef-57b73be2136e enviada com sucesso'
}
Requisição bem-sucedida: {
  info: 'mensagem 940a2a33-551f-4405-a136-e2b71bfd31eb enviada com sucesso'
}
Requisição bem-sucedida: {
  info: 'mensagem 683d9bd1-b0bd-400c-bc43-db6f734b1f94 enviada com sucesso'
}
Requisição bem-sucedida: {
  info: 'mensagem 336873b6-2ebb-4daa-8b03-1c3dd60cd45d enviada com sucesso'
}
Requisição bem-sucedida: {
  info: 'mensagem c67ff6f1-2596-48d2-9da8-c5c172b35634 enviada com sucesso'
}
Requisição bem-sucedida: {
  info: 'mensagem 9aff02fb-05ae-4dd4-82b8-1871b77c03b0 enviada com sucesso'
}
Requisição bem-sucedida: {
  info: 'mensagem f4525203-7cde-46bb-9ff4-dcd2df207b19 enviada com sucesso'
}
Requisição bem-sucedida: {
  info: 'mensagem 0545c666-6d6e-4629-9f8b-ccaed58d6d7f enviada com sucesso'
}
Requisição bem-sucedida: {
  info: 'mensagem 8b67fe12-05e6-42d2-b501-0fcff1df864e enviada com sucesso'
}
Requisição bem-sucedida: {
  info: 'mensagem a5bd5995-cab4-48f3-bc32-a1b7802cac23 enviada com sucesso'
}
Requisição bem-sucedida: {
  info: 'mensagem 41f7c942-3667-48bc-8365-7501c2d6882c enviada com sucesso'
}
Requisição bem-sucedida: {
  info: 'mensagem 8528cb99-6639-4e61-8b33-efe7a801ee14 enviada com sucesso'
}
Requisição bem-sucedida: {
  info: 'mensagem 68ba2601-7296-46e8-a8f7-b1b418c32de0 enviada com sucesso'
}
Requisição bem-sucedida: {
  info: 'mensagem 3c3b2c69-5bde-4ee9-afdd-feb02e74be5c enviada com sucesso'
}
Requisição bem-sucedida: {
  info: 'mensagem b9927ad1-2f20-49a1-83b4-f547c2cd0a9a enviada com sucesso'
}
Requisição bem-sucedida: {
  info: 'mensagem a37b6f8a-aa9d-41b3-b118-b226dee9b24b enviada com sucesso'
}
Requisição bem-sucedida: {
  info: 'mensagem b021515f-c4ba-44e0-a046-911c359a8633 enviada com sucesso'
}
Requisição bem-sucedida: {
  info: 'mensagem e303974d-5268-4be0-a386-23dc259311c4 enviada com sucesso'
}
Requisição bem-sucedida: {
  info: 'mensagem 1ac98cac-9632-40cf-b7af-2431bd7c4c5c enviada com sucesso'
}
Requisição bem-sucedida: {
  info: 'mensagem 4f0c403b-bf5d-4c01-8f9b-8b7f68b4890b enviada com sucesso'
}
Requisição bem-sucedida: {
  info: 'mensagem 204298bc-2740-455f-ab95-6b01543b629c enviada com sucesso'
}
Requisição bem-sucedida: {
  info: 'mensagem 44940ff9-32b8-496f-b835-e2f0bc739ea7 enviada com sucesso'
}
Requisição bem-sucedida: {
  info: 'mensagem 1df0359d-ecde-43d0-bf7c-fb2764b4be92 enviada com sucesso'
}
Requisição bem-sucedida: {
  info: 'mensagem 15ae9bcd-bb54-4881-b815-003b682182f6 enviada com sucesso'
}
Requisição bem-sucedida: {
  info: 'mensagem d2997687-e046-4e90-a32a-850068718dfc enviada com sucesso'
}
Requisição bem-sucedida: {
  info: 'mensagem b671bc38-bf50-4fe5-9826-283718458a19 enviada com sucesso'
}
Requisição bem-sucedida: {
  info: 'mensagem 755f3f94-4819-4091-b7f4-80d6925f6766 enviada com sucesso'
}
Requisição bem-sucedida: {
  info: 'mensagem 3e63abdb-a25a-424f-bb40-21fefc63372a enviada com sucesso'
}
Requisição bem-sucedida: {
  info: 'mensagem a42ba59d-a15e-4f10-937e-ec6991610bfb enviada com sucesso'
}
Requisição bem-sucedida: {
  info: 'mensagem e4a5586a-2731-4735-8012-9e5041b805a3 enviada com sucesso'
}
Requisição bem-sucedida: {
  info: 'mensagem 0fa84230-2808-4cb9-b5e6-054c9e4866f1 enviada com sucesso'
}
Requisição bem-sucedida: {
  info: 'mensagem 6db253a3-cdc6-4f3b-bc38-d180981f9748 enviada com sucesso'
}
Requisição bem-sucedida: {
  info: 'mensagem 6a052d29-13ba-4180-b7ed-0ab38de444de enviada com sucesso'
}
Requisição bem-sucedida: {
  info: 'mensagem d86dabfb-007e-4c07-85e1-8705c8dd2e3f enviada com sucesso'
}
Requisição bem-sucedida: {
  info: 'mensagem 05aac745-a1a5-4aad-9b00-b778cfa160a0 enviada com sucesso'
}
Requisição bem-sucedida: {
  info: 'mensagem 20f302d7-37f5-4af3-8444-a70a73221279 enviada com sucesso'
}
Requisição bem-sucedida: {
  info: 'mensagem 6e37a48f-222c-4886-9def-8c6362a743b6 enviada com sucesso'
}
Requisição bem-sucedida: {
  info: 'mensagem 43a62135-e8f0-4d4d-b409-efc724856999 enviada com sucesso'
}
Requisição bem-sucedida: {
  info: 'mensagem 077a82f1-29ac-465f-a37e-df952b7df781 enviada com sucesso'
}
Requisição bem-sucedida: {
  info: 'mensagem e77291e3-75fa-4cba-a084-73a335047db3 enviada com sucesso'
}
Requisição bem-sucedida: {
  info: 'mensagem ceca13d3-f973-40fb-b41c-44902a41a804 enviada com sucesso'
}
Requisição bem-sucedida: {
  info: 'mensagem 9968aa31-9d11-4f9c-97a5-cf0295030f5f enviada com sucesso'
}
Requisição bem-sucedida: {
  info: 'mensagem 287de69d-491d-48ba-b63b-d1e04d6a9ca8 enviada com sucesso'
}
Requisição bem-sucedida: {
  info: 'mensagem bd0c2a39-c8b1-40ec-9ca5-e3c115b2950c enviada com sucesso'
}
Requisição bem-sucedida: {
  info: 'mensagem 17d59c1f-73e8-4a38-ad38-40b17ed8852d enviada com sucesso'
}
Requisição bem-sucedida: {
  info: 'mensagem f687527c-b833-4aa1-b81a-dba557836fb8 enviada com sucesso'
}
Requisição bem-sucedida: {
  info: 'mensagem 80551ff1-22df-4978-8bc9-ff1e3a71cdf1 enviada com sucesso'
}
Requisição bem-sucedida: {
  info: 'mensagem 19816444-7df2-4616-8fbd-be7730a25dd9 enviada com sucesso'
}
Requisição bem-sucedida: {
  info: 'mensagem d734fc27-4e58-420c-9224-35df348ae690 enviada com sucesso'
}
Requisição bem-sucedida: {
  info: 'mensagem 94c59a73-a094-4d92-9acb-87b6864666fa enviada com sucesso'
}
Requisição bem-sucedida: {
  info: 'mensagem 16ffcf9d-3d64-423a-abd3-47a612e4712f enviada com sucesso'
}
Requisição bem-sucedida: {
  info: 'mensagem a1f2dc6f-5767-40c0-9448-c117bbcec70e enviada com sucesso'
}
Requisição bem-sucedida: {
  info: 'mensagem 3a86a18b-c34e-4f9c-8512-87880a494f72 enviada com sucesso'
}
Requisição bem-sucedida: {
  info: 'mensagem 773e9c13-accd-43a9-8913-aea78ec441c5 enviada com sucesso'
}
Requisição bem-sucedida: {
  info: 'mensagem c2f4ebec-900a-4b74-8425-0bed87e5450d enviada com sucesso'
}
Requisição bem-sucedida: {
  info: 'mensagem 33ceeb08-b827-465d-ace3-26604dd2f931 enviada com sucesso'
}
Requisição bem-sucedida: {
  info: 'mensagem b4a61b57-0179-43d5-914e-97a29b7c87b3 enviada com sucesso'
}
Requisição bem-sucedida: {
  info: 'mensagem a0058120-f625-4a37-9d45-9624288a021b enviada com sucesso'
}
Requisição bem-sucedida: {
  info: 'mensagem b2a540d4-1ba3-41ee-95ba-d5dced548449 enviada com sucesso'
}
Requisição bem-sucedida: {
  info: 'mensagem df6ffb17-c3c1-46e1-8012-ce83af97dd65 enviada com sucesso'
}
Requisição bem-sucedida: {
  info: 'mensagem fc74b5a3-0e37-4ac1-882e-b7a3ce71ea5b enviada com sucesso'
}
Requisição bem-sucedida: {
  info: 'mensagem 0da6271d-e5e4-4c1b-af50-5dabd822c641 enviada com sucesso'
}
Requisição bem-sucedida: {
  info: 'mensagem 0db32be7-3741-4ca0-b356-fed327758178 enviada com sucesso'
}
Requisição bem-sucedida: {
  info: 'mensagem e46ea7e4-fff4-4c60-97dd-7f2c65cedc9f enviada com sucesso'
}
Requisição bem-sucedida: {
  info: 'mensagem 50b5c9c6-3e4e-4941-a55e-3640946e9214 enviada com sucesso'
}
Requisição bem-sucedida: {
  info: 'mensagem d2a50636-2276-4bc4-800e-0200d2f1c3cd enviada com sucesso'
}
Requisição bem-sucedida: {
  info: 'mensagem c56d1ba4-600e-4a23-89de-7c7ac4456e2b enviada com sucesso'
}
Requisição bem-sucedida: {
  info: 'mensagem 27141d52-6f9b-47b1-975a-b9910247243b enviada com sucesso'
}
Requisição bem-sucedida: {
  info: 'mensagem 657647ab-cea1-482f-bfdd-995dac1500f5 enviada com sucesso'
}
Requisição bem-sucedida: {
  info: 'mensagem 7ea366f7-f196-4cdf-8483-1b1c1ca49ea6 enviada com sucesso'
}
Requisição bem-sucedida: {
  info: 'mensagem 9d8993ba-6c79-430b-9cd6-e3d5f6f69b14 enviada com sucesso'
}
Requisição bem-sucedida: {
  info: 'mensagem c6665ad3-93a2-48c6-a813-ef6eea8e6114 enviada com sucesso'
}
Requisição bem-sucedida: {
  info: 'mensagem 2b9a9cf2-f7fa-46ff-b6e2-b4dacc988d27 enviada com sucesso'
}
Requisição bem-sucedida: {
  info: 'mensagem fa73b91e-1057-45ea-87d6-bd18144bb170 enviada com sucesso'
}
Requisição bem-sucedida: {
  info: 'mensagem 181885b3-1dd1-4d49-a021-008d7d1c707c enviada com sucesso'
}
Requisição bem-sucedida: {
  info: 'mensagem b8ceb743-e8c2-45a3-bfd9-eefaea974e50 enviada com sucesso'
}
